calendar_library/build/intermediates/manifest_merge_blame_file/release/manifest-merger-blame-release-report.txt
1<?xml version="1.0" encoding="utf-8"?>
2<manifest xmlns:android="http://schemas.android.com/apk/res/android"
3    package="com.prolificinteractive.materialcalendarview" >
4
5    <uses-sdk
6        android:minSdkVersion="14"
6-->src\main\AndroidManifest.xml
7        android:targetSdkVersion="25" />
7-->src\main\AndroidManifest.xml
8
9    <application />
9-->src\main\AndroidManifest.xml:3:5-20
10
11</manifest>